[2019-03-07 04:01:46] local.ERROR: Class contactotableseeder does not exist {"exception":"[object] (ReflectionException(code: -1): Class contactotableseeder does not exist at /var/www/html/proyecto_jose/vendor/laravel/framework/src/Illuminate/Container/Container.php:794)
[stacktrace]
#0 /var/www/html/proyecto_jose/vendor/laravel/framework/src/Illuminate/Container/Container.php(794): ReflectionClass->__construct('contactotablese...')
#1 /var/www/html/proyecto_jose/vendor/laravel/framework/src/Illuminate/Container/Container.php(671): Illuminate\\Container\\Container->build('contactotablese...')
#2 /var/www/html/proyecto_jose/vendor/laravel/framework/src/Illuminate/Container/Container.php(619): Illuminate\\Container\\Container->resolve('contactotablese...', Array)
#3 /var/www/html/proyecto_jose/vendor/laravel/framework/src/Illuminate/Foundation/Application.php(757): Illuminate\\Container\\Container->make('contactotablese...', Array)
#4 /var/www/html/proyecto_jose/vendor/laravel/framework/src/Illuminate/Database/Seeder.php(68): Illuminate\\Foundation\\Application->make('contactotablese...')
#5 /var/www/html/proyecto_jose/vendor/laravel/framework/src/Illuminate/Database/Seeder.php(42): Illuminate\\Database\\Seeder->resolve('contactotablese...')
#6 /var/www/html/proyecto_jose/database/seeds/DatabaseSeeder.php(14): Illuminate\\Database\\Seeder->call('contactotablese...')
#7 [internal function]: DatabaseSeeder->run()
#8 /var/www/html/proyecto_jose/vendor/laravel/framework/src/Illuminate/Container/BoundMethod.php(32): call_user_func_array(Array, Array)
#9 /var/www/html/proyecto_jose/vendor/laravel/framework/src/Illuminate/Container/BoundMethod.php(90): Illuminate\\Container\\BoundMethod::Illuminate\\Container\\{closure}()
#10 /var/www/html/proyecto_jose/vendor/laravel/framework/src/Illuminate/Container/BoundMethod.php(34): Illuminate\\Container\\BoundMethod::callBoundMethod(Object(Illuminate\\Foundation\\Application), Array, Object(Closure))
#11 /var/www/html/proyecto_jose/vendor/laravel/framework/src/Illuminate/Container/Container.php(580): Illuminate\\Container\\BoundMethod::call(Object(Illuminate\\Foundation\\Application), Array, Array, NULL)
#12 /var/www/html/proyecto_jose/vendor/laravel/framework/src/Illuminate/Database/Seeder.php(122): Illuminate\\Container\\Container->call(Array)
#13 /var/www/html/proyecto_jose/vendor/laravel/framework/src/Illuminate/Database/Console/Seeds/SeedCommand.php(63): Illuminate\\Database\\Seeder->__invoke()
#14 /var/www/html/proyecto_jose/vendor/laravel/framework/src/Illuminate/Database/Eloquent/Concerns/GuardsAttributes.php(122): Illuminate\\Database\\Console\\Seeds\\SeedCommand->Illuminate\\Database\\Console\\Seeds\\{closure}()
#15 /var/www/html/proyecto_jose/vendor/laravel/framework/src/Illuminate/Database/Console/Seeds/SeedCommand.php(64): Illuminate\\Database\\Eloquent\\Model::unguarded(Object(Closure))
#16 [internal function]: Illuminate\\Database\\Console\\Seeds\\SeedCommand->handle()
#17 /var/www/html/proyecto_jose/vendor/laravel/framework/src/Illuminate/Container/BoundMethod.php(32): call_user_func_array(Array, Array)
#18 /var/www/html/proyecto_jose/vendor/laravel/framework/src/Illuminate/Container/BoundMethod.php(90): Illuminate\\Container\\BoundMethod::Illuminate\\Container\\{closure}()
#19 /var/www/html/proyecto_jose/vendor/laravel/framework/src/Illuminate/Container/BoundMethod.php(34): Illuminate\\Container\\BoundMethod::callBoundMethod(Object(Illuminate\\Foundation\\Application), Array, Object(Closure))
#20 /var/www/html/proyecto_jose/vendor/laravel/framework/src/Illuminate/Container/Container.php(580): Illuminate\\Container\\BoundMethod::call(Object(Illuminate\\Foundation\\Application), Array, Array, NULL)
#21 /var/www/html/proyecto_jose/vendor/laravel/framework/src/Illuminate/Console/Command.php(183): Illuminate\\Container\\Container->call(Array)
#22 /var/www/html/proyecto_jose/vendor/symfony/console/Command/Command.php(255): Illuminate\\Console\\Command->execute(Object(Symfony\\Component\\Console\\Input\\ArgvInput), Object(Illuminate\\Console\\OutputStyle))
#23 /var/www/html/proyecto_jose/vendor/laravel/framework/src/Illuminate/Console/Command.php(170): Symfony\\Component\\Console\\Command\\Command->run(Object(Symfony\\Component\\Console\\Input\\ArgvInput), Object(Illuminate\\Console\\OutputStyle))
#24 /var/www/html/proyecto_jose/vendor/symfony/console/Application.php(901): Illuminate\\Console\\Command->run(Object(Symfony\\Component\\Console\\Input\\ArgvInput), Object(Symfony\\Component\\Console\\Output\\ConsoleOutput))
#25 /var/www/html/proyecto_jose/vendor/symfony/console/Application.php(262): Symfony\\Component\\Console\\Application->doRunCommand(Object(Illuminate\\Database\\Console\\Seeds\\SeedCommand), Object(Symfony\\Component\\Console\\Input\\ArgvInput), Object(Symfony\\Component\\Console\\Output\\ConsoleOutput))
#26 /var/www/html/proyecto_jose/vendor/symfony/console/Application.php(145): Symfony\\Component\\Console\\Application->doRun(Object(Symfony\\Component\\Console\\Input\\ArgvInput), Object(Symfony\\Component\\Console\\Output\\ConsoleOutput))
#27 /var/www/html/proyecto_jose/vendor/laravel/framework/src/Illuminate/Console/Application.php(90): Symfony\\Component\\Console\\Application->run(Object(Symfony\\Component\\Console\\Input\\ArgvInput), Object(Symfony\\Component\\Console\\Output\\ConsoleOutput))
#28 /var/www/html/proyecto_jose/vendor/laravel/framework/src/Illuminate/Foundation/Console/Kernel.php(122): Illuminate\\Console\\Application->run(Object(Symfony\\Component\\Console\\Input\\ArgvInput), Object(Symfony\\Component\\Console\\Output\\ConsoleOutput))
#29 /var/www/html/proyecto_jose/artisan(37): Illuminate\\Foundation\\Console\\Kernel->handle(Object(Symfony\\Component\\Console\\Input\\ArgvInput), Object(Symfony\\Component\\Console\\Output\\ConsoleOutput))
#30 {main}
"} 
[2019-03-07 04:09:36] local.ERROR: file_put_contents(/var/www/html/proyecto_jose/database/migrations/2019_03_07_040936_usuario.php): failed to open stream: Permission denied {"exception":"[object] (ErrorException(code: 0): file_put_contents(/var/www/html/proyecto_jose/database/migrations/2019_03_07_040936_usuario.php): failed to open stream: Permission denied at /var/www/html/proyecto_jose/vendor/laravel/framework/src/Illuminate/Filesystem/Filesystem.php:122)
[stacktrace]
#0 [internal function]: Illuminate\\Foundation\\Bootstrap\\HandleExceptions->handleError(2, 'file_put_conten...', '/var/www/html/p...', 122, Array)
#1 /var/www/html/proyecto_jose/vendor/laravel/framework/src/Illuminate/Filesystem/Filesystem.php(122): file_put_contents('/var/www/html/p...', '<?php\
\
use Illu...', 0)
#2 /var/www/html/proyecto_jose/vendor/laravel/framework/src/Illuminate/Database/Migrations/MigrationCreator.php(59): Illuminate\\Filesystem\\Filesystem->put('/var/www/html/p...', '<?php\
\
use Illu...')
#3 /var/www/html/proyecto_jose/vendor/laravel/framework/src/Illuminate/Database/Console/Migrations/MigrateMakeCommand.php(109): Illuminate\\Database\\Migrations\\MigrationCreator->create('usuario', '/var/www/html/p...', NULL, NULL)
#4 /var/www/html/proyecto_jose/vendor/laravel/framework/src/Illuminate/Database/Console/Migrations/MigrateMakeCommand.php(93): Illuminate\\Database\\Console\\Migrations\\MigrateMakeCommand->writeMigration('usuario', NULL, NULL)
#5 [internal function]: Illuminate\\Database\\Console\\Migrations\\MigrateMakeCommand->handle()
#6 /var/www/html/proyecto_jose/vendor/laravel/framework/src/Illuminate/Container/BoundMethod.php(32): call_user_func_array(Array, Array)
#7 /var/www/html/proyecto_jose/vendor/laravel/framework/src/Illuminate/Container/BoundMethod.php(90): Illuminate\\Container\\BoundMethod::Illuminate\\Container\\{closure}()
#8 /var/www/html/proyecto_jose/vendor/laravel/framework/src/Illuminate/Container/BoundMethod.php(34): Illuminate\\Container\\BoundMethod::callBoundMethod(Object(Illuminate\\Foundation\\Application), Array, Object(Closure))
#9 /var/www/html/proyecto_jose/vendor/laravel/framework/src/Illuminate/Container/Container.php(580): Illuminate\\Container\\BoundMethod::call(Object(Illuminate\\Foundation\\Application), Array, Array, NULL)
#10 /var/www/html/proyecto_jose/vendor/laravel/framework/src/Illuminate/Console/Command.php(183): Illuminate\\Container\\Container->call(Array)
#11 /var/www/html/proyecto_jose/vendor/symfony/console/Command/Command.php(255): Illuminate\\Console\\Command->execute(Object(Symfony\\Component\\Console\\Input\\ArgvInput), Object(Illuminate\\Console\\OutputStyle))
#12 /var/www/html/proyecto_jose/vendor/laravel/framework/src/Illuminate/Console/Command.php(170): Symfony\\Component\\Console\\Command\\Command->run(Object(Symfony\\Component\\Console\\Input\\ArgvInput), Object(Illuminate\\Console\\OutputStyle))
#13 /var/www/html/proyecto_jose/vendor/symfony/console/Application.php(901): Illuminate\\Console\\Command->run(Object(Symfony\\Component\\Console\\Input\\ArgvInput), Object(Symfony\\Component\\Console\\Output\\ConsoleOutput))
#14 /var/www/html/proyecto_jose/vendor/symfony/console/Application.php(262): Symfony\\Component\\Console\\Application->doRunCommand(Object(Illuminate\\Database\\Console\\Migrations\\MigrateMakeCommand), Object(Symfony\\Component\\Console\\Input\\ArgvInput), Object(Symfony\\Component\\Console\\Output\\ConsoleOutput))
#15 /var/www/html/proyecto_jose/vendor/symfony/console/Application.php(145): Symfony\\Component\\Console\\Application->doRun(Object(Symfony\\Component\\Console\\Input\\ArgvInput), Object(Symfony\\Component\\Console\\Output\\ConsoleOutput))
#16 /var/www/html/proyecto_jose/vendor/laravel/framework/src/Illuminate/Console/Application.php(90): Symfony\\Component\\Console\\Application->run(Object(Symfony\\Component\\Console\\Input\\ArgvInput), Object(Symfony\\Component\\Console\\Output\\ConsoleOutput))
#17 /var/www/html/proyecto_jose/vendor/laravel/framework/src/Illuminate/Foundation/Console/Kernel.php(122): Illuminate\\Console\\Application->run(Object(Symfony\\Component\\Console\\Input\\ArgvInput), Object(Symfony\\Component\\Console\\Output\\ConsoleOutput))
#18 /var/www/html/proyecto_jose/artisan(37): Illuminate\\Foundation\\Console\\Kernel->handle(Object(Symfony\\Component\\Console\\Input\\ArgvInput), Object(Symfony\\Component\\Console\\Output\\ConsoleOutput))
#19 {main}
"} 
[2019-03-07 04:13:43] local.ERROR: file_put_contents(/var/www/html/proyecto_jose/database/migrations/2019_03_07_041343_usuario.php): failed to open stream: Permission denied {"exception":"[object] (ErrorException(code: 0): file_put_contents(/var/www/html/proyecto_jose/database/migrations/2019_03_07_041343_usuario.php): failed to open stream: Permission denied at /var/www/html/proyecto_jose/vendor/laravel/framework/src/Illuminate/Filesystem/Filesystem.php:122)
[stacktrace]
#0 [internal function]: Illuminate\\Foundation\\Bootstrap\\HandleExceptions->handleError(2, 'file_put_conten...', '/var/www/html/p...', 122, Array)
#1 /var/www/html/proyecto_jose/vendor/laravel/framework/src/Illuminate/Filesystem/Filesystem.php(122): file_put_contents('/var/www/html/p...', '<?php\
\
use Illu...', 0)
#2 /var/www/html/proyecto_jose/vendor/laravel/framework/src/Illuminate/Database/Migrations/MigrationCreator.php(59): Illuminate\\Filesystem\\Filesystem->put('/var/www/html/p...', '<?php\
\
use Illu...')
#3 /var/www/html/proyecto_jose/vendor/laravel/framework/src/Illuminate/Database/Console/Migrations/MigrateMakeCommand.php(109): Illuminate\\Database\\Migrations\\MigrationCreator->create('usuario', '/var/www/html/p...', NULL, NULL)
#4 /var/www/html/proyecto_jose/vendor/laravel/framework/src/Illuminate/Database/Console/Migrations/MigrateMakeCommand.php(93): Illuminate\\Database\\Console\\Migrations\\MigrateMakeCommand->writeMigration('usuario', NULL, NULL)
#5 [internal function]: Illuminate\\Database\\Console\\Migrations\\MigrateMakeCommand->handle()
#6 /var/www/html/proyecto_jose/vendor/laravel/framework/src/Illuminate/Container/BoundMethod.php(32): call_user_func_array(Array, Array)
#7 /var/www/html/proyecto_jose/vendor/laravel/framework/src/Illuminate/Container/BoundMethod.php(90): Illuminate\\Container\\BoundMethod::Illuminate\\Container\\{closure}()
#8 /var/www/html/proyecto_jose/vendor/laravel/framework/src/Illuminate/Container/BoundMethod.php(34): Illuminate\\Container\\BoundMethod::callBoundMethod(Object(Illuminate\\Foundation\\Application), Array, Object(Closure))
#9 /var/www/html/proyecto_jose/vendor/laravel/framework/src/Illuminate/Container/Container.php(580): Illuminate\\Container\\BoundMethod::call(Object(Illuminate\\Foundation\\Application), Array, Array, NULL)
#10 /var/www/html/proyecto_jose/vendor/laravel/framework/src/Illuminate/Console/Command.php(183): Illuminate\\Container\\Container->call(Array)
#11 /var/www/html/proyecto_jose/vendor/symfony/console/Command/Command.php(255): Illuminate\\Console\\Command->execute(Object(Symfony\\Component\\Console\\Input\\ArgvInput), Object(Illuminate\\Console\\OutputStyle))
#12 /var/www/html/proyecto_jose/vendor/laravel/framework/src/Illuminate/Console/Command.php(170): Symfony\\Component\\Console\\Command\\Command->run(Object(Symfony\\Component\\Console\\Input\\ArgvInput), Object(Illuminate\\Console\\OutputStyle))
#13 /var/www/html/proyecto_jose/vendor/symfony/console/Application.php(901): Illuminate\\Console\\Command->run(Object(Symfony\\Component\\Console\\Input\\ArgvInput), Object(Symfony\\Component\\Console\\Output\\ConsoleOutput))
#14 /var/www/html/proyecto_jose/vendor/symfony/console/Application.php(262): Symfony\\Component\\Console\\Application->doRunCommand(Object(Illuminate\\Database\\Console\\Migrations\\MigrateMakeCommand), Object(Symfony\\Component\\Console\\Input\\ArgvInput), Object(Symfony\\Component\\Console\\Output\\ConsoleOutput))
#15 /var/www/html/proyecto_jose/vendor/symfony/console/Application.php(145): Symfony\\Component\\Console\\Application->doRun(Object(Symfony\\Component\\Console\\Input\\ArgvInput), Object(Symfony\\Component\\Console\\Output\\ConsoleOutput))
#16 /var/www/html/proyecto_jose/vendor/laravel/framework/src/Illuminate/Console/Application.php(90): Symfony\\Component\\Console\\Application->run(Object(Symfony\\Component\\Console\\Input\\ArgvInput), Object(Symfony\\Component\\Console\\Output\\ConsoleOutput))
#17 /var/www/html/proyecto_jose/vendor/laravel/framework/src/Illuminate/Foundation/Console/Kernel.php(122): Illuminate\\Console\\Application->run(Object(Symfony\\Component\\Console\\Input\\ArgvInput), Object(Symfony\\Component\\Console\\Output\\ConsoleOutput))
#18 /var/www/html/proyecto_jose/artisan(37): Illuminate\\Foundation\\Console\\Kernel->handle(Object(Symfony\\Component\\Console\\Input\\ArgvInput), Object(Symfony\\Component\\Console\\Output\\ConsoleOutput))
#19 {main}
"} 
[2019-03-07 04:17:15] local.ERROR: file_put_contents(/var/www/html/proyecto_jose/database/migrations/2019_03_07_041715_usuario.php): failed to open stream: Permission denied {"exception":"[object] (ErrorException(code: 0): file_put_contents(/var/www/html/proyecto_jose/database/migrations/2019_03_07_041715_usuario.php): failed to open stream: Permission denied at /var/www/html/proyecto_jose/vendor/laravel/framework/src/Illuminate/Filesystem/Filesystem.php:122)
[stacktrace]
#0 [internal function]: Illuminate\\Foundation\\Bootstrap\\HandleExceptions->handleError(2, 'file_put_conten...', '/var/www/html/p...', 122, Array)
#1 /var/www/html/proyecto_jose/vendor/laravel/framework/src/Illuminate/Filesystem/Filesystem.php(122): file_put_contents('/var/www/html/p...', '<?php\
\
use Illu...', 0)
#2 /var/www/html/proyecto_jose/vendor/laravel/framework/src/Illuminate/Database/Migrations/MigrationCreator.php(59): Illuminate\\Filesystem\\Filesystem->put('/var/www/html/p...', '<?php\
\
use Illu...')
#3 /var/www/html/proyecto_jose/vendor/laravel/framework/src/Illuminate/Database/Console/Migrations/MigrateMakeCommand.php(109): Illuminate\\Database\\Migrations\\MigrationCreator->create('usuario', '/var/www/html/p...', NULL, NULL)
#4 /var/www/html/proyecto_jose/vendor/laravel/framework/src/Illuminate/Database/Console/Migrations/MigrateMakeCommand.php(93): Illuminate\\Database\\Console\\Migrations\\MigrateMakeCommand->writeMigration('usuario', NULL, NULL)
#5 [internal function]: Illuminate\\Database\\Console\\Migrations\\MigrateMakeCommand->handle()
#6 /var/www/html/proyecto_jose/vendor/laravel/framework/src/Illuminate/Container/BoundMethod.php(32): call_user_func_array(Array, Array)
#7 /var/www/html/proyecto_jose/vendor/laravel/framework/src/Illuminate/Container/BoundMethod.php(90): Illuminate\\Container\\BoundMethod::Illuminate\\Container\\{closure}()
#8 /var/www/html/proyecto_jose/vendor/laravel/framework/src/Illuminate/Container/BoundMethod.php(34): Illuminate\\Container\\BoundMethod::callBoundMethod(Object(Illuminate\\Foundation\\Application), Array, Object(Closure))
#9 /var/www/html/proyecto_jose/vendor/laravel/framework/src/Illuminate/Container/Container.php(580): Illuminate\\Container\\BoundMethod::call(Object(Illuminate\\Foundation\\Application), Array, Array, NULL)
#10 /var/www/html/proyecto_jose/vendor/laravel/framework/src/Illuminate/Console/Command.php(183): Illuminate\\Container\\Container->call(Array)
#11 /var/www/html/proyecto_jose/vendor/symfony/console/Command/Command.php(255): Illuminate\\Console\\Command->execute(Object(Symfony\\Component\\Console\\Input\\ArgvInput), Object(Illuminate\\Console\\OutputStyle))
#12 /var/www/html/proyecto_jose/vendor/laravel/framework/src/Illuminate/Console/Command.php(170): Symfony\\Component\\Console\\Command\\Command->run(Object(Symfony\\Component\\Console\\Input\\ArgvInput), Object(Illuminate\\Console\\OutputStyle))
#13 /var/www/html/proyecto_jose/vendor/symfony/console/Application.php(901): Illuminate\\Console\\Command->run(Object(Symfony\\Component\\Console\\Input\\ArgvInput), Object(Symfony\\Component\\Console\\Output\\ConsoleOutput))
#14 /var/www/html/proyecto_jose/vendor/symfony/console/Application.php(262): Symfony\\Component\\Console\\Application->doRunCommand(Object(Illuminate\\Database\\Console\\Migrations\\MigrateMakeCommand), Object(Symfony\\Component\\Console\\Input\\ArgvInput), Object(Symfony\\Component\\Console\\Output\\ConsoleOutput))
#15 /var/www/html/proyecto_jose/vendor/symfony/console/Application.php(145): Symfony\\Component\\Console\\Application->doRun(Object(Symfony\\Component\\Console\\Input\\ArgvInput), Object(Symfony\\Component\\Console\\Output\\ConsoleOutput))
#16 /var/www/html/proyecto_jose/vendor/laravel/framework/src/Illuminate/Console/Application.php(90): Symfony\\Component\\Console\\Application->run(Object(Symfony\\Component\\Console\\Input\\ArgvInput), Object(Symfony\\Component\\Console\\Output\\ConsoleOutput))
#17 /var/www/html/proyecto_jose/vendor/laravel/framework/src/Illuminate/Foundation/Console/Kernel.php(122): Illuminate\\Console\\Application->run(Object(Symfony\\Component\\Console\\Input\\ArgvInput), Object(Symfony\\Component\\Console\\Output\\ConsoleOutput))
#18 /var/www/html/proyecto_jose/artisan(37): Illuminate\\Foundation\\Console\\Kernel->handle(Object(Symfony\\Component\\Console\\Input\\ArgvInput), Object(Symfony\\Component\\Console\\Output\\ConsoleOutput))
#19 {main}
"} 
[2019-03-07 04:20:49] local.ERROR: file_put_contents(/var/www/html/proyecto_jose/database/migrations/2019_03_07_042049_usuario.php): failed to open stream: Permission denied {"exception":"[object] (ErrorException(code: 0): file_put_contents(/var/www/html/proyecto_jose/database/migrations/2019_03_07_042049_usuario.php): failed to open stream: Permission denied at /var/www/html/proyecto_jose/vendor/laravel/framework/src/Illuminate/Filesystem/Filesystem.php:122)
[stacktrace]
#0 [internal function]: Illuminate\\Foundation\\Bootstrap\\HandleExceptions->handleError(2, 'file_put_conten...', '/var/www/html/p...', 122, Array)
#1 /var/www/html/proyecto_jose/vendor/laravel/framework/src/Illuminate/Filesystem/Filesystem.php(122): file_put_contents('/var/www/html/p...', '<?php\
\
use Illu...', 0)
#2 /var/www/html/proyecto_jose/vendor/laravel/framework/src/Illuminate/Database/Migrations/MigrationCreator.php(59): Illuminate\\Filesystem\\Filesystem->put('/var/www/html/p...', '<?php\
\
use Illu...')
#3 /var/www/html/proyecto_jose/vendor/laravel/framework/src/Illuminate/Database/Console/Migrations/MigrateMakeCommand.php(109): Illuminate\\Database\\Migrations\\MigrationCreator->create('usuario', '/var/www/html/p...', NULL, NULL)
#4 /var/www/html/proyecto_jose/vendor/laravel/framework/src/Illuminate/Database/Console/Migrations/MigrateMakeCommand.php(93): Illuminate\\Database\\Console\\Migrations\\MigrateMakeCommand->writeMigration('usuario', NULL, NULL)
#5 [internal function]: Illuminate\\Database\\Console\\Migrations\\MigrateMakeCommand->handle()
#6 /var/www/html/proyecto_jose/vendor/laravel/framework/src/Illuminate/Container/BoundMethod.php(32): call_user_func_array(Array, Array)
#7 /var/www/html/proyecto_jose/vendor/laravel/framework/src/Illuminate/Container/BoundMethod.php(90): Illuminate\\Container\\BoundMethod::Illuminate\\Container\\{closure}()
#8 /var/www/html/proyecto_jose/vendor/laravel/framework/src/Illuminate/Container/BoundMethod.php(34): Illuminate\\Container\\BoundMethod::callBoundMethod(Object(Illuminate\\Foundation\\Application), Array, Object(Closure))
#9 /var/www/html/proyecto_jose/vendor/laravel/framework/src/Illuminate/Container/Container.php(580): Illuminate\\Container\\BoundMethod::call(Object(Illuminate\\Foundation\\Application), Array, Array, NULL)
#10 /var/www/html/proyecto_jose/vendor/laravel/framework/src/Illuminate/Console/Command.php(183): Illuminate\\Container\\Container->call(Array)
#11 /var/www/html/proyecto_jose/vendor/symfony/console/Command/Command.php(255): Illuminate\\Console\\Command->execute(Object(Symfony\\Component\\Console\\Input\\ArgvInput), Object(Illuminate\\Console\\OutputStyle))
#12 /var/www/html/proyecto_jose/vendor/laravel/framework/src/Illuminate/Console/Command.php(170): Symfony\\Component\\Console\\Command\\Command->run(Object(Symfony\\Component\\Console\\Input\\ArgvInput), Object(Illuminate\\Console\\OutputStyle))
#13 /var/www/html/proyecto_jose/vendor/symfony/console/Application.php(901): Illuminate\\Console\\Command->run(Object(Symfony\\Component\\Console\\Input\\ArgvInput), Object(Symfony\\Component\\Console\\Output\\ConsoleOutput))
#14 /var/www/html/proyecto_jose/vendor/symfony/console/Application.php(262): Symfony\\Component\\Console\\Application->doRunCommand(Object(Illuminate\\Database\\Console\\Migrations\\MigrateMakeCommand), Object(Symfony\\Component\\Console\\Input\\ArgvInput), Object(Symfony\\Component\\Console\\Output\\ConsoleOutput))
#15 /var/www/html/proyecto_jose/vendor/symfony/console/Application.php(145): Symfony\\Component\\Console\\Application->doRun(Object(Symfony\\Component\\Console\\Input\\ArgvInput), Object(Symfony\\Component\\Console\\Output\\ConsoleOutput))
#16 /var/www/html/proyecto_jose/vendor/laravel/framework/src/Illuminate/Console/Application.php(90): Symfony\\Component\\Console\\Application->run(Object(Symfony\\Component\\Console\\Input\\ArgvInput), Object(Symfony\\Component\\Console\\Output\\ConsoleOutput))
#17 /var/www/html/proyecto_jose/vendor/laravel/framework/src/Illuminate/Foundation/Console/Kernel.php(122): Illuminate\\Console\\Application->run(Object(Symfony\\Component\\Console\\Input\\ArgvInput), Object(Symfony\\Component\\Console\\Output\\ConsoleOutput))
#18 /var/www/html/proyecto_jose/artisan(37): Illuminate\\Foundation\\Console\\Kernel->handle(Object(Symfony\\Component\\Console\\Input\\ArgvInput), Object(Symfony\\Component\\Console\\Output\\ConsoleOutput))
#19 {main}
"} 
[2019-03-07 04:37:50] local.ERROR: SQLSTATE[42S22]: Column not found: 1054 Unknown column 'name' in 'field list' (SQL: insert into `contacto` (`id`, `name`, `correo`, `telefono`, `descripcion`) values (1, jose, josefcruzcruz@gmail.com, 2842710, Bienvenido a laravel)) {"exception":"[object] (Illuminate\\Database\\QueryException(code: 42S22): SQLSTATE[42S22]: Column not found: 1054 Unknown column 'name' in 'field list' (SQL: insert into `contacto` (`id`, `name`, `correo`, `telefono`, `descripcion`) values (1, jose, josefcruzcruz@gmail.com, 2842710, Bienvenido a laravel)) at /var/www/html/proyecto_jose/vendor/laravel/framework/src/Illuminate/Database/Connection.php:664, PDOException(code: 42S22): SQLSTATE[42S22]: Column not found: 1054 Unknown column 'name' in 'field list' at /var/www/html/proyecto_jose/vendor/laravel/framework/src/Illuminate/Database/Connection.php:452)
[stacktrace]
#0 /var/www/html/proyecto_jose/vendor/laravel/framework/src/Illuminate/Database/Connection.php(624): Illuminate\\Database\\Connection->runQueryCallback('insert into `co...', Array, Object(Closure))
#1 /var/www/html/proyecto_jose/vendor/laravel/framework/src/Illuminate/Database/Connection.php(459): Illuminate\\Database\\Connection->run('insert into `co...', Array, Object(Closure))
#2 /var/www/html/proyecto_jose/vendor/laravel/framework/src/Illuminate/Database/Connection.php(411): Illuminate\\Database\\Connection->statement('insert into `co...', Array)
#3 /var/www/html/proyecto_jose/vendor/laravel/framework/src/Illuminate/Database/Query/Builder.php(2612): Illuminate\\Database\\Connection->insert('insert into `co...', Array)
#4 /var/www/html/proyecto_jose/database/seeds/contactotableseeder.php(16): Illuminate\\Database\\Query\\Builder->insert(Array)
#5 [internal function]: contactotableseeder->run()
#6 /var/www/html/proyecto_jose/vendor/laravel/framework/src/Illuminate/Container/BoundMethod.php(32): call_user_func_array(Array, Array)
#7 /var/www/html/proyecto_jose/vendor/laravel/framework/src/Illuminate/Container/BoundMethod.php(90): Illuminate\\Container\\BoundMethod::Illuminate\\Container\\{closure}()
#8 /var/www/html/proyecto_jose/vendor/laravel/framework/src/Illuminate/Container/BoundMethod.php(34): Illuminate\\Container\\BoundMethod::callBoundMethod(Object(Illuminate\\Foundation\\Application), Array, Object(Closure))
#9 /var/www/html/proyecto_jose/vendor/laravel/framework/src/Illuminate/Container/Container.php(580): Illuminate\\Container\\BoundMethod::call(Object(Illuminate\\Foundation\\Application), Array, Array, NULL)
#10 /var/www/html/proyecto_jose/vendor/laravel/framework/src/Illuminate/Database/Seeder.php(122): Illuminate\\Container\\Container->call(Array)
#11 /var/www/html/proyecto_jose/vendor/laravel/framework/src/Illuminate/Database/Seeder.php(42): Illuminate\\Database\\Seeder->__invoke()
#12 /var/www/html/proyecto_jose/database/seeds/DatabaseSeeder.php(14): Illuminate\\Database\\Seeder->call('contactotablese...')
#13 [internal function]: DatabaseSeeder->run()
#14 /var/www/html/proyecto_jose/vendor/laravel/framework/src/Illuminate/Container/BoundMethod.php(32): call_user_func_array(Array, Array)
#15 /var/www/html/proyecto_jose/vendor/laravel/framework/src/Illuminate/Container/BoundMethod.php(90): Illuminate\\Container\\BoundMethod::Illuminate\\Container\\{closure}()
#16 /var/www/html/proyecto_jose/vendor/laravel/framework/src/Illuminate/Container/BoundMethod.php(34): Illuminate\\Container\\BoundMethod::callBoundMethod(Object(Illuminate\\Foundation\\Application), Array, Object(Closure))
#17 /var/www/html/proyecto_jose/vendor/laravel/framework/src/Illuminate/Container/Container.php(580): Illuminate\\Container\\BoundMethod::call(Object(Illuminate\\Foundation\\Application), Array, Array, NULL)
#18 /var/www/html/proyecto_jose/vendor/laravel/framework/src/Illuminate/Database/Seeder.php(122): Illuminate\\Container\\Container->call(Array)
#19 /var/www/html/proyecto_jose/vendor/laravel/framework/src/Illuminate/Database/Console/Seeds/SeedCommand.php(63): Illuminate\\Database\\Seeder->__invoke()
#20 /var/www/html/proyecto_jose/vendor/laravel/framework/src/Illuminate/Database/Eloquent/Concerns/GuardsAttributes.php(122): Illuminate\\Database\\Console\\Seeds\\SeedCommand->Illuminate\\Database\\Console\\Seeds\\{closure}()
#21 /var/www/html/proyecto_jose/vendor/laravel/framework/src/Illuminate/Database/Console/Seeds/SeedCommand.php(64): Illuminate\\Database\\Eloquent\\Model::unguarded(Object(Closure))
#22 [internal function]: Illuminate\\Database\\Console\\Seeds\\SeedCommand->handle()
#23 /var/www/html/proyecto_jose/vendor/laravel/framework/src/Illuminate/Container/BoundMethod.php(32): call_user_func_array(Array, Array)
#24 /var/www/html/proyecto_jose/vendor/laravel/framework/src/Illuminate/Container/BoundMethod.php(90): Illuminate\\Container\\BoundMethod::Illuminate\\Container\\{closure}()
#25 /var/www/html/proyecto_jose/vendor/laravel/framework/src/Illuminate/Container/BoundMethod.php(34): Illuminate\\Container\\BoundMethod::callBoundMethod(Object(Illuminate\\Foundation\\Application), Array, Object(Closure))
#26 /var/www/html/proyecto_jose/vendor/laravel/framework/src/Illuminate/Container/Container.php(580): Illuminate\\Container\\BoundMethod::call(Object(Illuminate\\Foundation\\Application), Array, Array, NULL)
#27 /var/www/html/proyecto_jose/vendor/laravel/framework/src/Illuminate/Console/Command.php(183): Illuminate\\Container\\Container->call(Array)
#28 /var/www/html/proyecto_jose/vendor/symfony/console/Command/Command.php(255): Illuminate\\Console\\Command->execute(Object(Symfony\\Component\\Console\\Input\\ArgvInput), Object(Illuminate\\Console\\OutputStyle))
#29 /var/www/html/proyecto_jose/vendor/laravel/framework/src/Illuminate/Console/Command.php(170): Symfony\\Component\\Console\\Command\\Command->run(Object(Symfony\\Component\\Console\\Input\\ArgvInput), Object(Illuminate\\Console\\OutputStyle))
#30 /var/www/html/proyecto_jose/vendor/symfony/console/Application.php(901): Illuminate\\Console\\Command->run(Object(Symfony\\Component\\Console\\Input\\ArgvInput), Object(Symfony\\Component\\Console\\Output\\ConsoleOutput))
#31 /var/www/html/proyecto_jose/vendor/symfony/console/Application.php(262): Symfony\\Component\\Console\\Application->doRunCommand(Object(Illuminate\\Database\\Console\\Seeds\\SeedCommand), Object(Symfony\\Component\\Console\\Input\\ArgvInput), Object(Symfony\\Component\\Console\\Output\\ConsoleOutput))
#32 /var/www/html/proyecto_jose/vendor/symfony/console/Application.php(145): Symfony\\Component\\Console\\Application->doRun(Object(Symfony\\Component\\Console\\Input\\ArgvInput), Object(Symfony\\Component\\Console\\Output\\ConsoleOutput))
#33 /var/www/html/proyecto_jose/vendor/laravel/framework/src/Illuminate/Console/Application.php(90): Symfony\\Component\\Console\\Application->run(Object(Symfony\\Component\\Console\\Input\\ArgvInput), Object(Symfony\\Component\\Console\\Output\\ConsoleOutput))
#34 /var/www/html/proyecto_jose/vendor/laravel/framework/src/Illuminate/Foundation/Console/Kernel.php(122): Illuminate\\Console\\Application->run(Object(Symfony\\Component\\Console\\Input\\ArgvInput), Object(Symfony\\Component\\Console\\Output\\ConsoleOutput))
#35 /var/www/html/proyecto_jose/artisan(37): Illuminate\\Foundation\\Console\\Kernel->handle(Object(Symfony\\Component\\Console\\Input\\ArgvInput), Object(Symfony\\Component\\Console\\Output\\ConsoleOutput))
#36 {main}
"} 
